<?xml version="1.0" encoding="UTF-8"?>
<coverage generated="1653978407560" clover="3.2.0">
  <project timestamp="1653978407561" name="All files">
    <metrics statements="10" coveredstatements="8" conditionals="0" coveredconditionals="0" methods="4" coveredmethods="3" elements="14" coveredelements="11" complexity="0" loc="10" ncloc="10" packages="2" files="2" classes="2">
      <package name="tdd-pruebas-unitarias">
        <metrics statements="9" coveredstatements="7" conditionals="0" coveredconditionals="0" methods="4" coveredmethods="3"/>
        <file name="Carrito.js" path="C:\Users\Portillo\Desktop\tdd-pruebas-unitarias\Carrito.js">
          <metrics statements="9" coveredstatements="7" conditionals="0" coveredconditionals="0" methods="4" coveredmethods="3"/>
          <line num="4" count="1" type="stmt"/>
          <line num="5" count="1" type="stmt"/>
          <line num="9" count="8" type="stmt"/>
          <line num="10" count="8" type="stmt"/>
          <line num="14" count="2" type="stmt"/>
          <line num="15" count="2" type="stmt"/>
          <line num="19" count="0" type="stmt"/>
          <line num="20" count="0" type="stmt"/>
          <line num="24" count="1" type="stmt"/>
        </file>
      </package>
      <package name="tdd-pruebas-unitarias.data">
        <metrics statements="1" coveredstatements="1" conditionals="0" coveredconditionals="0" methods="0" coveredmethods="0"/>
        <file name="autos.js" path="C:\Users\Portillo\Desktop\tdd-pruebas-unitarias\data\autos.js">
          <metrics statements="1" coveredstatements="1" conditionals="0" coveredconditionals="0" methods="0" coveredmethods="0"/>
          <line num="1" count="1" type="stmt"/>
        </file>
      </package>
    </metrics>
  </project>
</coverage>
