{"C:\\Users\\Portillo\\Desktop\\tdd-pruebas-unitarias\\Carrito.js": {"path":"C:\\Users\\Portillo\\Desktop\\tdd-pruebas-unitarias\\Carrito.js","statementMap":{"0":{"start":{"line":4,"column":4},"end":{"line":4,"column":24}},"1":{"start":{"line":5,"column":4},"end":{"line":5,"column":19}},"2":{"start":{"line":9,"column":4},"end":{"line":9,"column":30}},"3":{"start":{"line":10,"column":4},"end":{"line":10,"column":30}},"4":{"start":{"line":14,"column":4},"end":{"line":14,"column":25}},"5":{"start":{"line":15,"column":4},"end":{"line":15,"column":36}},"6":{"start":{"line":19,"column":4},"end":{"line":19,"column":24}},"7":{"start":{"line":20,"column":4},"end":{"line":20,"column":19}},"8":{"start":{"line":24,"column":0},"end":{"line":24,"column":25}}},"fnMap":{"0":{"name":"(anonymous_0)","decl":{"start":{"line":3,"column":2},"end":{"line":3,"column":3}},"loc":{"start":{"line":3,"column":16},"end":{"line":6,"column":3}},"line":3},"1":{"name":"(anonymous_1)","decl":{"start":{"line":8,"column":2},"end":{"line":8,"column":3}},"loc":{"start":{"line":8,"column":16},"end":{"line":11,"column":3}},"line":8},"2":{"name":"(anonymous_2)","decl":{"start":{"line":13,"column":2},"end":{"line":13,"column":3}},"loc":{"start":{"line":13,"column":25},"end":{"line":16,"column":3}},"line":13},"3":{"name":"(anonymous_3)","decl":{"start":{"line":18,"column":2},"end":{"line":18,"column":3}},"loc":{"start":{"line":18,"column":10},"end":{"line":21,"column":3}},"line":18}},"branchMap":{},"s":{"0":1,"1":1,"2":8,"3":8,"4":2,"5":2,"6":0,"7":0,"8":1},"f":{"0":1,"1":8,"2":2,"3":0},"b":{},"_coverageSchema":"332fd63041d2c1bcb487cc26dd0d5f7d97098a6c","hash":"03b2f1e659622b46f7f8cbec90299cba720b7ed2"}
,"C:\\Users\\Portillo\\Desktop\\tdd-pruebas-unitarias\\data\\autos.js": {"path":"C:\\Users\\Portillo\\Desktop\\tdd-pruebas-unitarias\\data\\autos.js","statementMap":{"0":{"start":{"line":1,"column":0},"end":{"line":22,"column":2}}},"fnMap":{},"branchMap":{},"s":{"0":1},"f":{},"b":{},"_coverageSchema":"332fd63041d2c1bcb487cc26dd0d5f7d97098a6c","hash":"1f4bc52aac95c0b25f152d2714ae62b3a1ed467e"}
}
