<?xml version="1.0" encoding="UTF-8"?>
<coverage generated="1651934252943" clover="3.2.0">
  <project timestamp="1651934252943" name="All files">
    <metrics statements="18" coveredstatements="11" conditionals="12" coveredconditionals="0" methods="7" coveredmethods="6" elements="37" coveredelements="17" complexity="0" loc="18" ncloc="18" packages="1" files="2" classes="2"/>
    <file name="calculadora.js" path="C:\Users\Portillo\Desktop\Practico 1 Taller Taller 5\calculadora.js">
      <metrics statements="5" coveredstatements="5" conditionals="0" coveredconditionals="0" methods="4" coveredmethods="4"/>
      <line num="2" count="3" type="stmt"/>
      <line num="6" count="3" type="stmt"/>
      <line num="10" count="3" type="stmt"/>
      <line num="14" count="3" type="stmt"/>
      <line num="19" count="1" type="stmt"/>
    </file>
    <file name="empleado.js" path="C:\Users\Portillo\Desktop\Practico 1 Taller Taller 5\empleado.js">
      <metrics statements="13" coveredstatements="6" conditionals="12" coveredconditionals="0" methods="3" coveredmethods="2"/>
      <line num="3" count="1" type="stmt"/>
      <line num="4" count="1" type="stmt"/>
      <line num="5" count="1" type="stmt"/>
      <line num="10" count="0" type="cond" truecount="0" falsecount="4"/>
      <line num="11" count="0" type="stmt"/>
      <line num="13" count="0" type="cond" truecount="0" falsecount="4"/>
      <line num="14" count="0" type="stmt"/>
      <line num="16" count="0" type="cond" truecount="0" falsecount="4"/>
      <line num="17" count="0" type="stmt"/>
      <line num="19" count="0" type="stmt"/>
      <line num="24" count="1" type="stmt"/>
      <line num="25" count="1" type="stmt"/>
      <line num="29" count="1" type="stmt"/>
    </file>
  </project>
</coverage>
