TN:
SF:calculadora.js
FN:1,suma
FN:5,resta
FN:9,multiplicacion
FN:13,division
FNF:4
FNH:4
FNDA:3,suma
FNDA:3,resta
FNDA:3,multiplicacion
FNDA:3,division
DA:2,3
DA:6,3
DA:10,3
DA:14,3
DA:19,1
LF:5
LH:5
BRF:0
BRH:0
end_of_record
TN:
SF:empleado.js
FN:2,(anonymous_0)
FN:9,(anonymous_1)
FN:23,(anonymous_2)
FNF:3
FNH:2
FNDA:1,(anonymous_0)
FNDA:0,(anonymous_1)
FNDA:1,(anonymous_2)
DA:3,1
DA:4,1
DA:5,1
DA:10,0
DA:11,0
DA:13,0
DA:14,0
DA:16,0
DA:17,0
DA:19,0
DA:24,1
DA:25,1
DA:29,1
LF:13
LH:6
BRDA:10,0,0,0
BRDA:10,0,1,0
BRDA:10,1,0,0
BRDA:10,1,1,0
BRDA:13,2,0,0
BRDA:13,2,1,0
BRDA:13,3,0,0
BRDA:13,3,1,0
BRDA:16,4,0,0
BRDA:16,4,1,0
BRDA:16,5,0,0
BRDA:16,5,1,0
BRF:12
BRH:0
end_of_record
