<?xml version="1.0" encoding="UTF-8"?>
<coverage generated="1651934402517" clover="3.2.0">
  <project timestamp="1651934402518" name="All files">
    <metrics statements="14" coveredstatements="14" conditionals="12" coveredconditionals="12" methods="4" coveredmethods="4" elements="30" coveredelements="30" complexity="0" loc="14" ncloc="14" packages="1" files="1" classes="1"/>
    <file name="empleado.js" path="E:\nur 12022\taller v\pruebas unitarias\empleado.js">
      <metrics statements="14" coveredstatements="14" conditionals="12" coveredconditionals="12" methods="4" coveredmethods="4"/>
      <line num="3" count="5" type="stmt"/>
      <line num="4" count="5" type="stmt"/>
      <line num="5" count="5" type="stmt"/>
      <line num="10" count="4" type="cond" truecount="4" falsecount="0"/>
      <line num="11" count="1" type="stmt"/>
      <line num="13" count="3" type="cond" truecount="4" falsecount="0"/>
      <line num="14" count="1" type="stmt"/>
      <line num="16" count="2" type="cond" truecount="4" falsecount="0"/>
      <line num="17" count="1" type="stmt"/>
      <line num="19" count="1" type="stmt"/>
      <line num="24" count="4" type="stmt"/>
      <line num="27" count="4" type="stmt"/>
      <line num="28" count="4" type="stmt"/>
      <line num="32" count="1" type="stmt"/>
    </file>
  </project>
</coverage>
