{"E:\\nur 12022\\taller v\\pruebas unitarias\\empleado.js": {"path":"E:\\nur 12022\\taller v\\pruebas unitarias\\empleado.js","statementMap":{"0":{"start":{"line":3,"column":8},"end":{"line":3,"column":29}},"1":{"start":{"line":4,"column":8},"end":{"line":4,"column":37}},"2":{"start":{"line":5,"column":8},"end":{"line":5,"column":42}},"3":{"start":{"line":10,"column":8},"end":{"line":12,"column":9}},"4":{"start":{"line":11,"column":12},"end":{"line":11,"column":58}},"5":{"start":{"line":13,"column":8},"end":{"line":15,"column":9}},"6":{"start":{"line":14,"column":12},"end":{"line":14,"column":58}},"7":{"start":{"line":16,"column":8},"end":{"line":20,"column":9}},"8":{"start":{"line":17,"column":12},"end":{"line":17,"column":58}},"9":{"start":{"line":19,"column":12},"end":{"line":19,"column":21}},"10":{"start":{"line":24,"column":8},"end":{"line":24,"column":30}},"11":{"start":{"line":27,"column":26},"end":{"line":27,"column":64}},"12":{"start":{"line":28,"column":8},"end":{"line":28,"column":48}},"13":{"start":{"line":32,"column":0},"end":{"line":32,"column":26}}},"fnMap":{"0":{"name":"(anonymous_0)","decl":{"start":{"line":2,"column":4},"end":{"line":2,"column":5}},"loc":{"start":{"line":2,"column":36},"end":{"line":6,"column":5}},"line":2},"1":{"name":"(anonymous_1)","decl":{"start":{"line":9,"column":4},"end":{"line":9,"column":5}},"loc":{"start":{"line":9,"column":29},"end":{"line":21,"column":5}},"line":9},"2":{"name":"(anonymous_2)","decl":{"start":{"line":23,"column":4},"end":{"line":23,"column":5}},"loc":{"start":{"line":23,"column":24},"end":{"line":25,"column":5}},"line":23},"3":{"name":"(anonymous_3)","decl":{"start":{"line":26,"column":4},"end":{"line":26,"column":5}},"loc":{"start":{"line":26,"column":39},"end":{"line":29,"column":5}},"line":26}},"branchMap":{"0":{"loc":{"start":{"line":10,"column":8},"end":{"line":12,"column":9}},"type":"if","locations":[{"start":{"line":10,"column":8},"end":{"line":12,"column":9}},{"start":{},"end":{}}],"line":10},"1":{"loc":{"start":{"line":10,"column":12},"end":{"line":10,"column":55}},"type":"binary-expr","locations":[{"start":{"line":10,"column":12},"end":{"line":10,"column":32}},{"start":{"line":10,"column":36},"end":{"line":10,"column":55}}],"line":10},"2":{"loc":{"start":{"line":13,"column":8},"end":{"line":15,"column":9}},"type":"if","locations":[{"start":{"line":13,"column":8},"end":{"line":15,"column":9}},{"start":{},"end":{}}],"line":13},"3":{"loc":{"start":{"line":13,"column":12},"end":{"line":13,"column":55}},"type":"binary-expr","locations":[{"start":{"line":13,"column":12},"end":{"line":13,"column":32}},{"start":{"line":13,"column":36},"end":{"line":13,"column":55}}],"line":13},"4":{"loc":{"start":{"line":16,"column":8},"end":{"line":20,"column":9}},"type":"if","locations":[{"start":{"line":16,"column":8},"end":{"line":20,"column":9}},{"start":{"line":18,"column":15},"end":{"line":20,"column":9}}],"line":16},"5":{"loc":{"start":{"line":16,"column":12},"end":{"line":16,"column":56}},"type":"binary-expr","locations":[{"start":{"line":16,"column":12},"end":{"line":16,"column":32}},{"start":{"line":16,"column":36},"end":{"line":16,"column":56}}],"line":16}},"s":{"0":5,"1":5,"2":5,"3":4,"4":1,"5":3,"6":1,"7":2,"8":1,"9":1,"10":4,"11":4,"12":4,"13":1},"f":{"0":5,"1":4,"2":4,"3":4},"b":{"0":[1,3],"1":[4,4],"2":[1,2],"3":[3,3],"4":[1,1],"5":[2,2]},"_coverageSchema":"1a1c01bbd47fc00a2c39e90264f33305004495a9","hash":"05c2829a32d1ca515d237469c3568acdfb23eaaf"}
}
