TN:
SF:empleado.js
FN:2,(anonymous_0)
FN:9,(anonymous_1)
FN:23,(anonymous_2)
FN:26,(anonymous_3)
FNF:4
FNH:4
FNDA:5,(anonymous_0)
FNDA:4,(anonymous_1)
FNDA:4,(anonymous_2)
FNDA:4,(anonymous_3)
DA:3,5
DA:4,5
DA:5,5
DA:10,4
DA:11,1
DA:13,3
DA:14,1
DA:16,2
DA:17,1
DA:19,1
DA:24,4
DA:27,4
DA:28,4
DA:32,1
LF:14
LH:14
BRDA:10,0,0,1
BRDA:10,0,1,3
BRDA:10,1,0,4
BRDA:10,1,1,4
BRDA:13,2,0,1
BRDA:13,2,1,2
BRDA:13,3,0,3
BRDA:13,3,1,3
BRDA:16,4,0,1
BRDA:16,4,1,1
BRDA:16,5,0,2
BRDA:16,5,1,2
BRF:12
BRH:12
end_of_record
